<?xml version="1.0" encoding="UTF-8"?>
<testng-results ignored="0" total="2" passed="1" failed="1" skipped="0">
  <reporter-output>
  </reporter-output>
  <suite started-at="2023-04-13T12:46:06 CEST" name="All Test Suite" finished-at="2023-04-13T12:46:23 CEST" duration-ms="17101">
    <groups>
    </groups>
    <test started-at="2023-04-13T12:46:06 CEST" name="test1" finished-at="2023-04-13T12:46:22 CEST" duration-ms="16372">
      <class name="com.macswid.AddRemoveItemBasketTest">
        <test-method is-config="true" signature="setup()[pri:0, instance:com.macswid.AddRemoveItemBasketTest@16e7dcfd]" started-at="2023-04-13T12:46:06 CEST" name="setup" finished-at="2023-04-13T12:46:11 CEST" duration-ms="4812" status="PASS">
          <reporter-output>
          </reporter-output>
        </test-method> <!-- setup -->
        <test-method signature="addRemoveItem()[pri:0, instance:com.macswid.AddRemoveItemBasketTest@16e7dcfd]" started-at="2023-04-13T12:46:11 CEST" name="addRemoveItem" finished-at="2023-04-13T12:46:21 CEST" duration-ms="10262" status="FAIL">
          <exception class="java.lang.AssertionError">
            <message>
              <![CDATA[Cart amount did not match the expected amount, it found $45.24 expected $45.23]]>
            </message>
            <full-stacktrace>
              <![CDATA[java.lang.AssertionError: Cart amount did not match the expected amount, it found $45.24 expected $45.23
at org.testng.Assert.fail(Assert.java:110)
at com.macswid.AddRemoveItemBasketTest.addRemoveItem(AddRemoveItemBasketTest.java:80)
at java.base/jdk.internal.reflect.NativeMethodAccessorImpl.invoke0(Native Method)
at java.base/jdk.internal.reflect.NativeMethodAccessorImpl.invoke(NativeMethodAccessorImpl.java:62)
at java.base/jdk.internal.reflect.DelegatingMethodAccessorImpl.invoke(DelegatingMethodAccessorImpl.java:43)
at java.base/java.lang.reflect.Method.invoke(Method.java:564)
at org.testng.internal.invokers.MethodInvocationHelper.invokeMethod(MethodInvocationHelper.java:139)
at org.testng.internal.invokers.TestInvoker.invokeMethod(TestInvoker.java:677)
at org.testng.internal.invokers.TestInvoker.invokeTestMethod(TestInvoker.java:221)
at org.testng.internal.invokers.MethodRunner.runInSequence(MethodRunner.java:50)
at org.testng.internal.invokers.TestInvoker$MethodInvocationAgent.invoke(TestInvoker.java:969)
at org.testng.internal.invokers.TestInvoker.invokeTestMethods(TestInvoker.java:194)
at org.testng.internal.invokers.TestMethodWorker.invokeTestMethods(TestMethodWorker.java:148)
at org.testng.internal.invokers.TestMethodWorker.run(TestMethodWorker.java:128)
at java.base/java.util.ArrayList.forEach(ArrayList.java:1510)
at org.testng.TestRunner.privateRun(TestRunner.java:829)
at org.testng.TestRunner.run(TestRunner.java:602)
at org.testng.SuiteRunner.runTest(SuiteRunner.java:437)
at org.testng.SuiteRunner$SuiteWorker.run(SuiteRunner.java:475)
at org.testng.internal.thread.ThreadUtil.lambda$execute$0(ThreadUtil.java:58)
at java.base/java.util.concurrent.FutureTask.run(FutureTask.java:264)
at java.base/java.util.concurrent.ThreadPoolExecutor.runWorker(ThreadPoolExecutor.java:1130)
at java.base/java.util.concurrent.ThreadPoolExecutor$Worker.run(ThreadPoolExecutor.java:630)
at java.base/java.lang.Thread.run(Thread.java:832)
]]>
            </full-stacktrace>
          </exception> <!-- java.lang.AssertionError -->
          <reporter-output>
          </reporter-output>
        </test-method> <!-- addRemoveItem -->
        <test-method is-config="true" signature="tearDown()[pri:0, instance:com.macswid.AddRemoveItemBasketTest@16e7dcfd]" started-at="2023-04-13T12:46:21 CEST" name="tearDown" finished-at="2023-04-13T12:46:22 CEST" duration-ms="675" status="PASS">
          <reporter-output>
          </reporter-output>
        </test-method> <!-- tearDown -->
      </class> <!-- com.macswid.AddRemoveItemBasketTest -->
    </test> <!-- test1 -->
    <test started-at="2023-04-13T12:46:06 CEST" name="Test2" finished-at="2023-04-13T12:46:23 CEST" duration-ms="17101">
      <class name="com.macswid.OrderCompleteTest">
        <test-method is-config="true" signature="setup()[pri:0, instance:com.macswid.OrderCompleteTest@2b6faea6]" started-at="2023-04-13T12:46:06 CEST" name="setup" finished-at="2023-04-13T12:46:11 CEST" duration-ms="5021" status="PASS">
          <reporter-output>
          </reporter-output>
        </test-method> <!-- setup -->
        <test-method signature="endToEndTest()[pri:0, instance:com.macswid.OrderCompleteTest@2b6faea6]" started-at="2023-04-13T12:46:11 CEST" name="endToEndTest" finished-at="2023-04-13T12:46:22 CEST" duration-ms="11062" status="PASS">
          <reporter-output>
          </reporter-output>
        </test-method> <!-- endToEndTest -->
        <test-method is-config="true" signature="tearDown()[pri:0, instance:com.macswid.OrderCompleteTest@2b6faea6]" started-at="2023-04-13T12:46:22 CEST" name="tearDown" finished-at="2023-04-13T12:46:23 CEST" duration-ms="654" status="PASS">
          <reporter-output>
          </reporter-output>
        </test-method> <!-- tearDown -->
      </class> <!-- com.macswid.OrderCompleteTest -->
    </test> <!-- Test2 -->
  </suite> <!-- All Test Suite -->
</testng-results>
